<?xml version="1.0" encoding="UTF-8"?>
<testsuite xmlns:xsi="http://www.w3.org/2001/XMLSchema-instance" xsi:noNamespaceSchemaLocation="https://maven.apache.org/surefire/maven-surefire-plugin/xsd/surefire-test-report.xsd" name="catalog.integrity.CursoMapperTest" time="0.826" tests="1" errors="1" skipped="0" failures="0">
  <properties>
    <property name="gopherProxySet" value="false"/>
    <property name="awt.toolkit" value="sun.lwawt.macosx.LWCToolkit"/>
    <property name="file.encoding.pkg" value="sun.io"/>
    <property name="java.specification.version" value="1.8"/>
    <property name="sun.cpu.isalist" value=""/>
    <property name="sun.jnu.encoding" value="UTF-8"/>
    <property name="java.class.path" value="/Users/Gwydion/eclipse-workspace/catalogoCursos/target/test-classes:/Users/Gwydion/eclipse-workspace/catalogoCursos/target/classes:/Users/Gwydion/.m2/repository/com/sun/faces/jsf-api/2.2.2/jsf-api-2.2.2.jar:/Users/Gwydion/.m2/repository/com/sun/faces/jsf-impl/2.2.2/jsf-impl-2.2.2.jar:/Users/Gwydion/.m2/repository/javax/servlet/servlet-api/2.5/servlet-api-2.5.jar:/Users/Gwydion/.m2/repository/org/primefaces/primefaces/6.1/primefaces-6.1.jar:/Users/Gwydion/.m2/repository/javax/servlet/jsp/jsp-api/2.1/jsp-api-2.1.jar:/Users/Gwydion/.m2/repository/commons-fileupload/commons-fileupload/1.3/commons-fileupload-1.3.jar:/Users/Gwydion/.m2/repository/commons-io/commons-io/2.2/commons-io-2.2.jar:/Users/Gwydion/.m2/repository/org/mybatis/mybatis/3.4.5/mybatis-3.4.5.jar:/Users/Gwydion/.m2/repository/org/mybatis/mybatis-spring/1.3.1/mybatis-spring-1.3.1.jar:/Users/Gwydion/.m2/repository/org/webjars/bootstrap/3.2.0/bootstrap-3.2.0.jar:/Users/Gwydion/.m2/repository/commons-logging/commons-logging/1.2/commons-logging-1.2.jar:/Users/Gwydion/.m2/repository/org/hamcrest/hamcrest-all/1.3/hamcrest-all-1.3.jar:/Users/Gwydion/.m2/repository/javax/servlet/jsp/jstl/jstl-api/1.2/jstl-api-1.2.jar:/Users/Gwydion/.m2/repository/javax/servlet/jstl/1.2/jstl-1.2.jar:/Users/Gwydion/.m2/repository/junit/junit/4.12/junit-4.12.jar:/Users/Gwydion/.m2/repository/org/hamcrest/hamcrest-core/1.3/hamcrest-core-1.3.jar:/Users/Gwydion/.m2/repository/org/springframework/boot/spring-boot-starter-test/1.5.7.RELEASE/spring-boot-starter-test-1.5.7.RELEASE.jar:/Users/Gwydion/.m2/repository/org/springframework/boot/spring-boot-test/1.5.7.RELEASE/spring-boot-test-1.5.7.RELEASE.jar:/Users/Gwydion/.m2/repository/org/springframework/boot/spring-boot/1.5.7.RELEASE/spring-boot-1.5.7.RELEASE.jar:/Users/Gwydion/.m2/repository/org/springframework/boot/spring-boot-test-autoconfigure/1.5.7.RELEASE/spring-boot-test-autoconfigure-1.5.7.RELEASE.jar:/Users/Gwydion/.m2/repository/org/springframework/boot/spring-boot-autoconfigure/1.5.7.RELEASE/spring-boot-autoconfigure-1.5.7.RELEASE.jar:/Users/Gwydion/.m2/repository/org/assertj/assertj-core/2.6.0/assertj-core-2.6.0.jar:/Users/Gwydion/.m2/repository/org/hamcrest/hamcrest-library/1.3/hamcrest-library-1.3.jar:/Users/Gwydion/.m2/repository/org/skyscreamer/jsonassert/1.4.0/jsonassert-1.4.0.jar:/Users/Gwydion/.m2/repository/com/vaadin/external/google/android-json/0.0.20131108.vaadin1/android-json-0.0.20131108.vaadin1.jar:/Users/Gwydion/.m2/repository/org/springframework/spring-context/4.3.11.RELEASE/spring-context-4.3.11.RELEASE.jar:/Users/Gwydion/.m2/repository/org/springframework/spring-aop/4.3.11.RELEASE/spring-aop-4.3.11.RELEASE.jar:/Users/Gwydion/.m2/repository/org/springframework/spring-beans/4.3.11.RELEASE/spring-beans-4.3.11.RELEASE.jar:/Users/Gwydion/.m2/repository/org/springframework/spring-core/4.3.11.RELEASE/spring-core-4.3.11.RELEASE.jar:/Users/Gwydion/.m2/repository/org/springframework/spring-test/4.3.11.RELEASE/spring-test-4.3.11.RELEASE.jar:/Users/Gwydion/.m2/repository/org/springframework/spring-tx/4.3.11.RELEASE/spring-tx-4.3.11.RELEASE.jar:/Users/Gwydion/.m2/repository/org/springframework/spring-web/4.3.11.RELEASE/spring-web-4.3.11.RELEASE.jar:/Users/Gwydion/.m2/repository/org/primefaces/themes/cupertino/1.0.10/cupertino-1.0.10.jar:/Users/Gwydion/.m2/repository/com/jayway/jsonpath/json-path/2.2.0/json-path-2.2.0.jar:/Users/Gwydion/.m2/repository/net/minidev/json-smart/2.2.1/json-smart-2.2.1.jar:/Users/Gwydion/.m2/repository/net/minidev/accessors-smart/1.1/accessors-smart-1.1.jar:/Users/Gwydion/.m2/repository/org/ow2/asm/asm/5.0.3/asm-5.0.3.jar:/Users/Gwydion/.m2/repository/org/slf4j/slf4j-api/1.7.16/slf4j-api-1.7.16.jar:/Users/Gwydion/.m2/repository/org/springframework/spring-jdbc/4.3.11.RELEASE/spring-jdbc-4.3.11.RELEASE.jar:/Users/Gwydion/.m2/repository/org/springframework/spring-expression/4.3.11.RELEASE/spring-expression-4.3.11.RELEASE.jar:/Users/Gwydion/.m2/repository/org/webjars/jquery/1.11.1/jquery-1.11.1.jar:/Users/Gwydion/.m2/repository/mysql/mysql-connector-java/5.1.44/mysql-connector-java-5.1.44.jar:/Users/Gwydion/.m2/repository/javax/faces/javax.faces-api/2.3/javax.faces-api-2.3.jar:/Users/Gwydion/.m2/repository/org/mockito/mockito-core/2.10.0/mockito-core-2.10.0.jar:/Users/Gwydion/.m2/repository/net/bytebuddy/byte-buddy/1.7.4/byte-buddy-1.7.4.jar:/Users/Gwydion/.m2/repository/net/bytebuddy/byte-buddy-agent/1.7.4/byte-buddy-agent-1.7.4.jar:/Users/Gwydion/.m2/repository/org/objenesis/objenesis/2.6/objenesis-2.6.jar:/Users/Gwydion/.m2/repository/javax/xml/bind/jaxb-api/2.3.0/jaxb-api-2.3.0.jar:"/>
    <property name="java.vm.vendor" value="Oracle Corporation"/>
    <property name="sun.arch.data.model" value="64"/>
    <property name="java.vendor.url" value="http://java.oracle.com/"/>
    <property name="user.timezone" value=""/>
    <property name="java.vm.specification.version" value="1.8"/>
    <property name="os.name" value="Mac OS X"/>
    <property name="user.country" value="ES"/>
    <property name="sun.java.launcher" value="SUN_STANDARD"/>
    <property name="sun.boot.library.path" value="/Library/Java/JavaVirtualMachines/jdk1.8.0_144.jdk/Contents/Home/jre/lib"/>
    <property name="sun.java.command" value="/Users/Gwydion/eclipse-workspace/catalogoCursos/target/surefire/surefirebooter1868077348927446202.jar /Users/Gwydion/eclipse-workspace/catalogoCursos/target/surefire 2017-10-06T15-35-24_476-jvmRun1 surefire1049307411801124970tmp surefire_03636350725829668461tmp"/>
    <property name="http.nonProxyHosts" value="local|*.local|169.254/16|*.169.254/16"/>
    <property name="surefire.test.class.path" value="/Users/Gwydion/eclipse-workspace/catalogoCursos/target/test-classes:/Users/Gwydion/eclipse-workspace/catalogoCursos/target/classes:/Users/Gwydion/.m2/repository/com/sun/faces/jsf-api/2.2.2/jsf-api-2.2.2.jar:/Users/Gwydion/.m2/repository/com/sun/faces/jsf-impl/2.2.2/jsf-impl-2.2.2.jar:/Users/Gwydion/.m2/repository/javax/servlet/servlet-api/2.5/servlet-api-2.5.jar:/Users/Gwydion/.m2/repository/org/primefaces/primefaces/6.1/primefaces-6.1.jar:/Users/Gwydion/.m2/repository/javax/servlet/jsp/jsp-api/2.1/jsp-api-2.1.jar:/Users/Gwydion/.m2/repository/commons-fileupload/commons-fileupload/1.3/commons-fileupload-1.3.jar:/Users/Gwydion/.m2/repository/commons-io/commons-io/2.2/commons-io-2.2.jar:/Users/Gwydion/.m2/repository/org/mybatis/mybatis/3.4.5/mybatis-3.4.5.jar:/Users/Gwydion/.m2/repository/org/mybatis/mybatis-spring/1.3.1/mybatis-spring-1.3.1.jar:/Users/Gwydion/.m2/repository/org/webjars/bootstrap/3.2.0/bootstrap-3.2.0.jar:/Users/Gwydion/.m2/repository/commons-logging/commons-logging/1.2/commons-logging-1.2.jar:/Users/Gwydion/.m2/repository/org/hamcrest/hamcrest-all/1.3/hamcrest-all-1.3.jar:/Users/Gwydion/.m2/repository/javax/servlet/jsp/jstl/jstl-api/1.2/jstl-api-1.2.jar:/Users/Gwydion/.m2/repository/javax/servlet/jstl/1.2/jstl-1.2.jar:/Users/Gwydion/.m2/repository/junit/junit/4.12/junit-4.12.jar:/Users/Gwydion/.m2/repository/org/hamcrest/hamcrest-core/1.3/hamcrest-core-1.3.jar:/Users/Gwydion/.m2/repository/org/springframework/boot/spring-boot-starter-test/1.5.7.RELEASE/spring-boot-starter-test-1.5.7.RELEASE.jar:/Users/Gwydion/.m2/repository/org/springframework/boot/spring-boot-test/1.5.7.RELEASE/spring-boot-test-1.5.7.RELEASE.jar:/Users/Gwydion/.m2/repository/org/springframework/boot/spring-boot/1.5.7.RELEASE/spring-boot-1.5.7.RELEASE.jar:/Users/Gwydion/.m2/repository/org/springframework/boot/spring-boot-test-autoconfigure/1.5.7.RELEASE/spring-boot-test-autoconfigure-1.5.7.RELEASE.jar:/Users/Gwydion/.m2/repository/org/springframework/boot/spring-boot-autoconfigure/1.5.7.RELEASE/spring-boot-autoconfigure-1.5.7.RELEASE.jar:/Users/Gwydion/.m2/repository/org/assertj/assertj-core/2.6.0/assertj-core-2.6.0.jar:/Users/Gwydion/.m2/repository/org/hamcrest/hamcrest-library/1.3/hamcrest-library-1.3.jar:/Users/Gwydion/.m2/repository/org/skyscreamer/jsonassert/1.4.0/jsonassert-1.4.0.jar:/Users/Gwydion/.m2/repository/com/vaadin/external/google/android-json/0.0.20131108.vaadin1/android-json-0.0.20131108.vaadin1.jar:/Users/Gwydion/.m2/repository/org/springframework/spring-context/4.3.11.RELEASE/spring-context-4.3.11.RELEASE.jar:/Users/Gwydion/.m2/repository/org/springframework/spring-aop/4.3.11.RELEASE/spring-aop-4.3.11.RELEASE.jar:/Users/Gwydion/.m2/repository/org/springframework/spring-beans/4.3.11.RELEASE/spring-beans-4.3.11.RELEASE.jar:/Users/Gwydion/.m2/repository/org/springframework/spring-core/4.3.11.RELEASE/spring-core-4.3.11.RELEASE.jar:/Users/Gwydion/.m2/repository/org/springframework/spring-test/4.3.11.RELEASE/spring-test-4.3.11.RELEASE.jar:/Users/Gwydion/.m2/repository/org/springframework/spring-tx/4.3.11.RELEASE/spring-tx-4.3.11.RELEASE.jar:/Users/Gwydion/.m2/repository/org/springframework/spring-web/4.3.11.RELEASE/spring-web-4.3.11.RELEASE.jar:/Users/Gwydion/.m2/repository/org/primefaces/themes/cupertino/1.0.10/cupertino-1.0.10.jar:/Users/Gwydion/.m2/repository/com/jayway/jsonpath/json-path/2.2.0/json-path-2.2.0.jar:/Users/Gwydion/.m2/repository/net/minidev/json-smart/2.2.1/json-smart-2.2.1.jar:/Users/Gwydion/.m2/repository/net/minidev/accessors-smart/1.1/accessors-smart-1.1.jar:/Users/Gwydion/.m2/repository/org/ow2/asm/asm/5.0.3/asm-5.0.3.jar:/Users/Gwydion/.m2/repository/org/slf4j/slf4j-api/1.7.16/slf4j-api-1.7.16.jar:/Users/Gwydion/.m2/repository/org/springframework/spring-jdbc/4.3.11.RELEASE/spring-jdbc-4.3.11.RELEASE.jar:/Users/Gwydion/.m2/repository/org/springframework/spring-expression/4.3.11.RELEASE/spring-expression-4.3.11.RELEASE.jar:/Users/Gwydion/.m2/repository/org/webjars/jquery/1.11.1/jquery-1.11.1.jar:/Users/Gwydion/.m2/repository/mysql/mysql-connector-java/5.1.44/mysql-connector-java-5.1.44.jar:/Users/Gwydion/.m2/repository/javax/faces/javax.faces-api/2.3/javax.faces-api-2.3.jar:/Users/Gwydion/.m2/repository/org/mockito/mockito-core/2.10.0/mockito-core-2.10.0.jar:/Users/Gwydion/.m2/repository/net/bytebuddy/byte-buddy/1.7.4/byte-buddy-1.7.4.jar:/Users/Gwydion/.m2/repository/net/bytebuddy/byte-buddy-agent/1.7.4/byte-buddy-agent-1.7.4.jar:/Users/Gwydion/.m2/repository/org/objenesis/objenesis/2.6/objenesis-2.6.jar:/Users/Gwydion/.m2/repository/javax/xml/bind/jaxb-api/2.3.0/jaxb-api-2.3.0.jar:"/>
    <property name="sun.cpu.endian" value="little"/>
    <property name="user.home" value="/Users/Gwydion"/>
    <property name="user.language" value="es"/>
    <property name="java.specification.vendor" value="Oracle Corporation"/>
    <property name="java.home" value="/Library/Java/JavaVirtualMachines/jdk1.8.0_144.jdk/Contents/Home/jre"/>
    <property name="basedir" value="/Users/Gwydion/eclipse-workspace/catalogoCursos"/>
    <property name="file.separator" value="/"/>
    <property name="line.separator" value="&#10;"/>
    <property name="java.vm.specification.vendor" value="Oracle Corporation"/>
    <property name="java.specification.name" value="Java Platform API Specification"/>
    <property name="java.awt.graphicsenv" value="sun.awt.CGraphicsEnvironment"/>
    <property name="surefire.real.class.path" value="/Users/Gwydion/eclipse-workspace/catalogoCursos/target/surefire/surefirebooter1868077348927446202.jar:/Users/Gwydion/.m2/repository/org/jacoco/org.jacoco.agent/0.7.9/org.jacoco.agent-0.7.9-runtime.jar"/>
    <property name="sun.boot.class.path" value="/Library/Java/JavaVirtualMachines/jdk1.8.0_144.jdk/Contents/Home/jre/lib/resources.jar:/Library/Java/JavaVirtualMachines/jdk1.8.0_144.jdk/Contents/Home/jre/lib/rt.jar:/Library/Java/JavaVirtualMachines/jdk1.8.0_144.jdk/Contents/Home/jre/lib/sunrsasign.jar:/Library/Java/JavaVirtualMachines/jdk1.8.0_144.jdk/Contents/Home/jre/lib/jsse.jar:/Library/Java/JavaVirtualMachines/jdk1.8.0_144.jdk/Contents/Home/jre/lib/jce.jar:/Library/Java/JavaVirtualMachines/jdk1.8.0_144.jdk/Contents/Home/jre/lib/charsets.jar:/Library/Java/JavaVirtualMachines/jdk1.8.0_144.jdk/Contents/Home/jre/lib/jfr.jar:/Library/Java/JavaVirtualMachines/jdk1.8.0_144.jdk/Contents/Home/jre/classes"/>
    <property name="sun.management.compiler" value="HotSpot 64-Bit Tiered Compilers"/>
    <property name="ftp.nonProxyHosts" value="local|*.local|169.254/16|*.169.254/16"/>
    <property name="java.runtime.version" value="1.8.0_144-b01"/>
    <property name="user.name" value="Gwydion"/>
    <property name="path.separator" value=":"/>
    <property name="os.version" value="10.13"/>
    <property name="java.endorsed.dirs" value="/Library/Java/JavaVirtualMachines/jdk1.8.0_144.jdk/Contents/Home/jre/lib/endorsed"/>
    <property name="java.runtime.name" value="Java(TM) SE Runtime Environment"/>
    <property name="file.encoding" value="UTF-8"/>
    <property name="java.vm.name" value="Java HotSpot(TM) 64-Bit Server VM"/>
    <property name="localRepository" value="/Users/Gwydion/.m2/repository"/>
    <property name="java.vendor.url.bug" value="http://bugreport.sun.com/bugreport/"/>
    <property name="java.io.tmpdir" value="/var/folders/8k/pg8tj5zn7d3661c4ffq5hvmw0000gq/T/"/>
    <property name="java.version" value="1.8.0_144"/>
    <property name="user.dir" value="/Users/Gwydion/eclipse-workspace/catalogoCursos"/>
    <property name="os.arch" value="x86_64"/>
    <property name="java.vm.specification.name" value="Java Virtual Machine Specification"/>
    <property name="java.awt.printerjob" value="sun.lwawt.macosx.CPrinterJob"/>
    <property name="sun.os.patch.level" value="unknown"/>
    <property name="java.library.path" value="/Users/Gwydion/Library/Java/Extensions:/Library/Java/Extensions:/Network/Library/Java/Extensions:/System/Library/Java/Extensions:/usr/lib/java:."/>
    <property name="java.vm.info" value="mixed mode"/>
    <property name="java.vendor" value="Oracle Corporation"/>
    <property name="java.vm.version" value="25.144-b01"/>
    <property name="java.ext.dirs" value="/Users/Gwydion/Library/Java/Extensions:/Library/Java/JavaVirtualMachines/jdk1.8.0_144.jdk/Contents/Home/jre/lib/ext:/Library/Java/Extensions:/Network/Library/Java/Extensions:/System/Library/Java/Extensions:/usr/lib/java"/>
    <property name="sun.io.unicode.encoding" value="UnicodeBig"/>
    <property name="java.class.version" value="52.0"/>
    <property name="socksNonProxyHosts" value="local|*.local|169.254/16|*.169.254/16"/>
  </properties>
  <testcase name="testCurso" classname="catalog.integrity.CursoMapperTest" time="0.035">
    <error message="Invalid bound statement (not found): catalog.dao.CourseMapper.selectActives" type="org.apache.ibatis.binding.BindingException">org.apache.ibatis.binding.BindingException: Invalid bound statement (not found): catalog.dao.CourseMapper.selectActives
	at catalog.integrity.CursoMapperTest.testCurso(CursoMapperTest.java:26)
</error>
    <system-err><![CDATA[oct 06, 2017 3:35:36 PM org.springframework.test.context.support.DefaultTestContextBootstrapper getDefaultTestExecutionListenerClassNames
INFORMACIÓN: Loaded default TestExecutionListener class names from location [META-INF/spring.factories]: [org.springframework.boot.test.mock.mockito.MockitoTestExecutionListener, org.springframework.boot.test.mock.mockito.ResetMocksTestExecutionListener, org.springframework.boot.test.autoconfigure.restdocs.RestDocsTestExecutionListener, org.springframework.boot.test.autoconfigure.web.client.MockRestServiceServerResetTestExecutionListener, org.springframework.boot.test.autoconfigure.web.servlet.MockMvcPrintOnlyOnFailureTestExecutionListener, org.springframework.boot.test.autoconfigure.web.servlet.WebDriverTestExecutionListener, org.springframework.test.context.web.ServletTestExecutionListener, org.springframework.test.context.support.DirtiesContextBeforeModesTestExecutionListener, org.springframework.test.context.support.DependencyInjectionTestExecutionListener, org.springframework.test.context.support.DirtiesContextTestExecutionListener, org.springframework.test.context.transaction.TransactionalTestExecutionListener, org.springframework.test.context.jdbc.SqlScriptsTestExecutionListener]
oct 06, 2017 3:35:36 PM org.springframework.test.context.support.DefaultTestContextBootstrapper getTestExecutionListeners
INFORMACIÓN: Using TestExecutionListeners: [org.springframework.test.context.web.ServletTestExecutionListener@2cde0397, org.springframework.test.context.support.DirtiesContextBeforeModesTestExecutionListener@60483dcf, org.springframework.test.context.support.DependencyInjectionTestExecutionListener@308bd473, org.springframework.test.context.support.DirtiesContextTestExecutionListener@7d0ae3d1, org.springframework.test.context.transaction.TransactionalTestExecutionListener@2114955c, org.springframework.test.context.jdbc.SqlScriptsTestExecutionListener@1362f4, org.springframework.boot.test.autoconfigure.web.servlet.WebDriverTestExecutionListener@6e5506c9, org.springframework.boot.test.mock.mockito.MockitoTestExecutionListener@446b74b9, org.springframework.boot.test.autoconfigure.restdocs.RestDocsTestExecutionListener@41d0b71d, org.springframework.boot.test.autoconfigure.web.client.MockRestServiceServerResetTestExecutionListener@5a4f7911, org.springframework.boot.test.autoconfigure.web.servlet.MockMvcPrintOnlyOnFailureTestExecutionListener@1cea4fdf, org.springframework.boot.test.mock.mockito.ResetMocksTestExecutionListener@33b3e47]
oct 06, 2017 3:35:36 PM org.springframework.beans.factory.xml.XmlBeanDefinitionReader loadBeanDefinitions
INFORMACIÓN: Loading XML bean definitions from class path resource [test-application-context.xml]
oct 06, 2017 3:35:36 PM org.springframework.context.support.GenericApplicationContext prepareRefresh
INFORMACIÓN: Refreshing org.springframework.context.support.GenericApplicationContext@c1e7bea: startup date [Fri Oct 06 15:35:36 CEST 2017]; root of context hierarchy
oct 06, 2017 3:35:37 PM org.springframework.jdbc.datasource.DriverManagerDataSource setDriverClassName
INFORMACIÓN: Loaded JDBC driver: com.mysql.jdbc.Driver
Fri Oct 06 15:35:37 CEST 2017 WARN: Establishing SSL connection without server's identity verification is not recommended. According to MySQL 5.5.45+, 5.6.26+ and 5.7.6+ requirements SSL connection must be established by default if explicit option isn't set. For compliance with existing applications not using SSL the verifyServerCertificate property is set to 'false'. You need either to explicitly disable SSL by setting useSSL=false, or set useSSL=true and provide truststore for server certificate verification.
oct 06, 2017 3:35:37 PM org.springframework.test.context.transaction.TransactionContext startTransaction
INFORMACIÓN: Began transaction (1) for test context [DefaultTestContext@1c204621 testClass = CursoMapperTest, testInstance = catalog.integrity.CursoMapperTest@a588739, testMethod = testCurso@CursoMapperTest, testException = [null], mergedContextConfiguration = [MergedContextConfiguration@48d05f98 testClass = CursoMapperTest, locations = '{classpath:test-application-context.xml}', classes = '{}', contextInitializerClasses = '[]', activeProfiles = '{}', propertySourceLocations = '{}', propertySourceProperties = '{}', contextCustomizers = set[org.springframework.boot.test.context.filter.ExcludeFilterContextCustomizer@11303cb, org.springframework.boot.test.json.DuplicateJsonObjectContextCustomizerFactory$DuplicateJsonObjectContextCustomizer@6f8af186, org.springframework.boot.test.mock.mockito.MockitoContextCustomizer@0, org.springframework.boot.test.autoconfigure.properties.PropertyMappingContextCustomizer@0, org.springframework.boot.test.autoconfigure.web.servlet.WebDriverContextCustomizerFactory$Customizer@6a51a39d], contextLoader = 'org.springframework.test.context.support.DelegatingSmartContextLoader', parent = [null]]]; transaction manager [org.springframework.jdbc.datasource.DataSourceTransactionManager@3775c3e3]; rollback [true]
oct 06, 2017 3:35:37 PM org.springframework.test.context.transaction.TransactionContext endTransaction
INFORMACIÓN: Rolled back transaction for test context [DefaultTestContext@1c204621 testClass = CursoMapperTest, testInstance = catalog.integrity.CursoMapperTest@a588739, testMethod = testCurso@CursoMapperTest, testException = org.apache.ibatis.binding.BindingException: Invalid bound statement (not found): catalog.dao.CourseMapper.selectActives, mergedContextConfiguration = [MergedContextConfiguration@48d05f98 testClass = CursoMapperTest, locations = '{classpath:test-application-context.xml}', classes = '{}', contextInitializerClasses = '[]', activeProfiles = '{}', propertySourceLocations = '{}', propertySourceProperties = '{}', contextCustomizers = set[org.springframework.boot.test.context.filter.ExcludeFilterContextCustomizer@11303cb, org.springframework.boot.test.json.DuplicateJsonObjectContextCustomizerFactory$DuplicateJsonObjectContextCustomizer@6f8af186, org.springframework.boot.test.mock.mockito.MockitoContextCustomizer@0, org.springframework.boot.test.autoconfigure.properties.PropertyMappingContextCustomizer@0, org.springframework.boot.test.autoconfigure.web.servlet.WebDriverContextCustomizerFactory$Customizer@6a51a39d], contextLoader = 'org.springframework.test.context.support.DelegatingSmartContextLoader', parent = [null]]].
]]></system-err>
  </testcase>
</testsuite>